<?xml version="1.0" encoding="UTF-8"?>
<testsuite xmlns:xsi="http://www.w3.org/2001/XMLSchema-instance" xsi:noNamespaceSchemaLocation="https://maven.apache.org/surefire/maven-surefire-plugin/xsd/surefire-test-report.xsd" version="3.0.2" name="com.l2.packaging.integration.PedidoControllerIntegrationTest" time="23.747" tests="1" errors="0" skipped="0" failures="0">
  <properties>
[...]
</properties>
  <testcase name="givenPedidoPayloadDto_whenCreatePedido_thenReturnPedidoPayloadDto" classname="com.l2.packaging.integration.PedidoControllerIntegrationTest" time="0.626">
    <system-out><![CDATA[14:52:07.832 [main] INFO org.springframework.test.context.support.AnnotationConfigContextLoaderUtils -- Could not detect default configuration classes for test class [com.l2.packaging.integration.PedidoControllerIntegrationTest]: PedidoControllerIntegrationTest does not declare any static, non-private, non-final, nested classes annotated with @Configuration.
14:52:07.928 [main] INFO org.springframework.boot.test.context.SpringBootTestContextBootstrapper -- Found @SpringBootConfiguration com.l2.packaging.PackagingApplication for test class com.l2.packaging.integration.PedidoControllerIntegrationTest
14:52:08.039 [main] INFO org.testcontainers.images.PullPolicy -- Image pull policy will be performed by: DefaultPullPolicy()
14:52:08.042 [main] INFO org.testcontainers.utility.ImageNameSubstitutor -- Image name substitution will be performed by: DefaultImageNameSubstitutor (composite of 'ConfigurationFileImageNameSubstitutor' and 'PrefixingImageNameSubstitutor')
14:52:08.080 [main] INFO org.testcontainers.DockerClientFactory -- Testcontainers version: 1.21.0
14:52:08.225 [main] INFO org.testcontainers.dockerclient.DockerClientProviderStrategy -- Loaded org.testcontainers.dockerclient.NpipeSocketClientProviderStrategy from ~/.testcontainers.properties, will try it first
14:52:08.398 [main] INFO org.testcontainers.dockerclient.DockerClientProviderStrategy -- Found Docker environment with local Npipe socket (npipe:////./pipe/docker_engine)
14:52:08.399 [main] INFO org.testcontainers.DockerClientFactory -- Docker host IP address is localhost
14:52:08.415 [main] INFO org.testcontainers.DockerClientFactory -- Connected to docker: 
  Server Version: 27.5.1
  API Version: 1.47
  Operating System: Docker Desktop
  Total Memory: 7907 MB
  Labels: 
    com.docker.desktop.address=npipe://\\.\pipe\docker_cli
14:52:08.440 [main] INFO tc.testcontainers/ryuk:0.11.0 -- Pulling docker image: testcontainers/ryuk:0.11.0. Please be patient; this may take some time but only needs to be done once.
14:52:08.513 [main] INFO org.testcontainers.utility.RegistryAuthLocator -- Credential helper/store (docker-credential-desktop) does not have credentials for https://index.docker.io/v1/
14:52:10.664 [docker-java-stream--1327023394] INFO tc.testcontainers/ryuk:0.11.0 -- Starting to pull image
14:52:10.676 [docker-java-stream--1327023394] INFO tc.testcontainers/ryuk:0.11.0 -- Pulling image layers:  0 pending,  0 downloaded,  0 extracted, (0 bytes/0 bytes)
14:52:12.157 [docker-java-stream--1327023394] INFO tc.testcontainers/ryuk:0.11.0 -- Pulling image layers:  2 pending,  1 downloaded,  0 extracted, (4 MB/? MB)
14:52:12.224 [docker-java-stream--1327023394] INFO tc.testcontainers/ryuk:0.11.0 -- Pulling image layers:  1 pending,  2 downloaded,  0 extracted, (4 MB/? MB)
14:52:12.379 [docker-java-stream--1327023394] INFO tc.testcontainers/ryuk:0.11.0 -- Pulling image layers:  0 pending,  3 downloaded,  0 extracted, (8 MB/10 MB)
14:52:12.392 [docker-java-stream--1327023394] INFO tc.testcontainers/ryuk:0.11.0 -- Pulling image layers:  0 pending,  3 downloaded,  1 extracted, (8 MB/10 MB)
14:52:12.526 [docker-java-stream--1327023394] INFO tc.testcontainers/ryuk:0.11.0 -- Pulling image layers:  0 pending,  3 downloaded,  2 extracted, (9 MB/10 MB)
14:52:12.592 [docker-java-stream--1327023394] INFO tc.testcontainers/ryuk:0.11.0 -- Pulling image layers:  0 pending,  3 downloaded,  3 extracted, (10 MB/10 MB)
14:52:12.628 [main] INFO tc.testcontainers/ryuk:0.11.0 -- Image testcontainers/ryuk:0.11.0 pull took PT4.1878058S
14:52:12.628 [docker-java-stream--1327023394] INFO tc.testcontainers/ryuk:0.11.0 -- Pull complete. 3 layers, pulled in 1s (downloaded 10 MB at 10 MB/s)
14:52:12.646 [main] INFO tc.testcontainers/ryuk:0.11.0 -- Creating container for image: testcontainers/ryuk:0.11.0
14:52:12.775 [main] INFO tc.testcontainers/ryuk:0.11.0 -- Container testcontainers/ryuk:0.11.0 is starting: 73ec550c0d0cfc570ad15c0d379431211765ca32bcbb0e25573b99a614d0a906
14:52:13.197 [main] INFO tc.testcontainers/ryuk:0.11.0 -- Container testcontainers/ryuk:0.11.0 started in PT0.5512285S
14:52:13.203 [main] INFO org.testcontainers.utility.RyukResourceReaper -- Ryuk started - will monitor and terminate Testcontainers containers on JVM exit
14:52:13.203 [main] INFO org.testcontainers.DockerClientFactory -- Checking the system...
14:52:13.203 [main] INFO org.testcontainers.DockerClientFactory -- ✔︎ Docker server version should be at least 1.6.0
14:52:13.207 [main] INFO tc.postgres:17.3 -- Pulling docker image: postgres:17.3. Please be patient; this may take some time but only needs to be done once.
14:52:15.314 [docker-java-stream--922294406] INFO tc.postgres:17.3 -- Starting to pull image
14:52:15.315 [docker-java-stream--922294406] INFO tc.postgres:17.3 -- Pulling image layers:  0 pending,  0 downloaded,  0 extracted, (0 bytes/0 bytes)
14:52:16.620 [docker-java-stream--922294406] INFO tc.postgres:17.3 -- Pulling image layers: 13 pending,  1 downloaded,  0 extracted, (1 KB/? MB)
14:52:17.173 [docker-java-stream--922294406] INFO tc.postgres:17.3 -- Pulling image layers: 12 pending,  2 downloaded,  0 extracted, (12 MB/? MB)
14:52:17.749 [docker-java-stream--922294406] INFO tc.postgres:17.3 -- Pulling image layers: 11 pending,  3 downloaded,  0 extracted, (29 MB/? MB)
14:52:17.791 [docker-java-stream--922294406] INFO tc.postgres:17.3 -- Pulling image layers: 10 pending,  4 downloaded,  0 extracted, (29 MB/? MB)
14:52:18.629 [docker-java-stream--922294406] INFO tc.postgres:17.3 -- Pulling image layers:  9 pending,  5 downloaded,  0 extracted, (35 MB/? MB)
14:52:18.720 [docker-java-stream--922294406] INFO tc.postgres:17.3 -- Pulling image layers:  8 pending,  6 downloaded,  0 extracted, (35 MB/? MB)
14:52:18.920 [docker-java-stream--922294406] INFO tc.postgres:17.3 -- Pulling image layers:  8 pending,  6 downloaded,  1 extracted, (36 MB/? MB)
14:52:18.966 [docker-java-stream--922294406] INFO tc.postgres:17.3 -- Pulling image layers:  8 pending,  6 downloaded,  2 extracted, (36 MB/? MB)
14:52:19.107 [docker-java-stream--922294406] INFO tc.postgres:17.3 -- Pulling image layers:  8 pending,  6 downloaded,  3 extracted, (37 MB/? MB)
14:52:19.174 [docker-java-stream--922294406] INFO tc.postgres:17.3 -- Pulling image layers:  8 pending,  6 downloaded,  4 extracted, (37 MB/? MB)
14:52:19.398 [docker-java-stream--922294406] INFO tc.postgres:17.3 -- Pulling image layers:  7 pending,  7 downloaded,  4 extracted, (38 MB/? MB)
14:52:19.476 [docker-java-stream--922294406] INFO tc.postgres:17.3 -- Pulling image layers:  7 pending,  7 downloaded,  5 extracted, (40 MB/? MB)
14:52:19.540 [docker-java-stream--922294406] INFO tc.postgres:17.3 -- Pulling image layers:  6 pending,  8 downloaded,  5 extracted, (41 MB/? MB)
14:52:19.644 [docker-java-stream--922294406] INFO tc.postgres:17.3 -- Pulling image layers:  6 pending,  8 downloaded,  6 extracted, (44 MB/? MB)
14:52:19.688 [docker-java-stream--922294406] INFO tc.postgres:17.3 -- Pulling image layers:  6 pending,  8 downloaded,  7 extracted, (44 MB/? MB)
14:52:19.734 [docker-java-stream--922294406] INFO tc.postgres:17.3 -- Pulling image layers:  6 pending,  8 downloaded,  8 extracted, (47 MB/? MB)
14:52:20.296 [docker-java-stream--922294406] INFO tc.postgres:17.3 -- Pulling image layers:  5 pending,  9 downloaded,  8 extracted, (60 MB/? MB)
14:52:20.435 [docker-java-stream--922294406] INFO tc.postgres:17.3 -- Pulling image layers:  4 pending, 10 downloaded,  8 extracted, (63 MB/? MB)
14:52:21.033 [docker-java-stream--922294406] INFO tc.postgres:17.3 -- Pulling image layers:  3 pending, 11 downloaded,  8 extracted, (77 MB/? MB)
14:52:21.758 [docker-java-stream--922294406] INFO tc.postgres:17.3 -- Pulling image layers:  2 pending, 12 downloaded,  8 extracted, (97 MB/? MB)
14:52:23.189 [docker-java-stream--922294406] INFO tc.postgres:17.3 -- Pulling image layers:  1 pending, 13 downloaded,  8 extracted, (148 MB/? MB)
14:52:25.378 [docker-java-stream--922294406] INFO tc.postgres:17.3 -- Pulling image layers:  1 pending, 13 downloaded,  9 extracted, (149 MB/? MB)
14:52:25.424 [docker-java-stream--922294406] INFO tc.postgres:17.3 -- Pulling image layers:  1 pending, 13 downloaded, 10 extracted, (149 MB/? MB)
14:52:25.468 [docker-java-stream--922294406] INFO tc.postgres:17.3 -- Pulling image layers:  1 pending, 13 downloaded, 11 extracted, (149 MB/? MB)
14:52:25.515 [docker-java-stream--922294406] INFO tc.postgres:17.3 -- Pulling image layers:  1 pending, 13 downloaded, 12 extracted, (149 MB/? MB)
14:52:25.560 [docker-java-stream--922294406] INFO tc.postgres:17.3 -- Pulling image layers:  1 pending, 13 downloaded, 13 extracted, (149 MB/? MB)
14:52:25.604 [docker-java-stream--922294406] INFO tc.postgres:17.3 -- Pulling image layers:  1 pending, 13 downloaded, 14 extracted, (149 MB/? MB)
14:52:25.640 [main] INFO tc.postgres:17.3 -- Image postgres:17.3 pull took PT12.4328215S
14:52:25.640 [docker-java-stream--922294406] INFO tc.postgres:17.3 -- Pull complete. 14 layers, pulled in 10s (downloaded 149 MB at 14 MB/s)
14:52:25.644 [main] INFO tc.postgres:17.3 -- Creating container for image: postgres:17.3
14:52:25.956 [main] INFO tc.postgres:17.3 -- Container postgres:17.3 is starting: ee67dcf47f7ff077dbb604be661c202a7a8f9aa1a21e2e6dd1c0f9bd790137c7
14:52:27.670 [main] INFO tc.postgres:17.3 -- Container postgres:17.3 started in PT2.0263607S
14:52:27.671 [main] INFO tc.postgres:17.3 -- Container is started (JDBC URL: jdbc:postgresql://localhost:62175/test?loggerLevel=OFF)
14:52:27.699 [main] INFO org.springframework.boot.devtools.restart.RestartApplicationListener -- Restart disabled due to context in which it is running

  .   ____          _            __ _ _
 /\\ / ___'_ __ _ _(_)_ __  __ _ \ \ \ \
( ( )\___ | '_ | '_| | '_ \/ _` | \ \ \ \
 \\/  ___)| |_)| | | | | || (_| |  ) ) ) )
  '  |____| .__|_| |_|_| |_\__, | / / / /
 =========|_|==============|___/=/_/_/_/

 :: Spring Boot ::                (v3.5.0)

2025-05-26T14:52:27.943-03:00  INFO 22628 --- [packaging] [           main] c.l.p.i.PedidoControllerIntegrationTest  : Starting PedidoControllerIntegrationTest using Java 21.0.6 with PID 22628 (started by Augusto in D:\aa_JAVA\packaging)
2025-05-26T14:52:27.944-03:00  INFO 22628 --- [packaging] [           main] c.l.p.i.PedidoControllerIntegrationTest  : No active profile set, falling back to 1 default profile: "default"
2025-05-26T14:52:28.479-03:00  INFO 22628 --- [packaging] [           main] .s.d.r.c.RepositoryConfigurationDelegate : Bootstrapping Spring Data JPA repositories in DEFAULT mode.
2025-05-26T14:52:28.524-03:00  INFO 22628 --- [packaging] [           main] .s.d.r.c.RepositoryConfigurationDelegate : Finished Spring Data repository scanning in 36 ms. Found 3 JPA repository interfaces.
2025-05-26T14:52:28.888-03:00  INFO 22628 --- [packaging] [           main] o.s.b.w.embedded.tomcat.TomcatWebServer  : Tomcat initialized with port 0 (http)
2025-05-26T14:52:28.898-03:00  INFO 22628 --- [packaging] [           main] o.apache.catalina.core.StandardService   : Starting service [Tomcat]
2025-05-26T14:52:28.898-03:00  INFO 22628 --- [packaging] [           main] o.apache.catalina.core.StandardEngine    : Starting Servlet engine: [Apache Tomcat/10.1.41]
2025-05-26T14:52:28.943-03:00  INFO 22628 --- [packaging] [           main] o.a.c.c.C.[Tomcat].[localhost].[/]       : Initializing Spring embedded WebApplicationContext
2025-05-26T14:52:28.944-03:00  INFO 22628 --- [packaging] [           main] w.s.c.ServletWebServerApplicationContext : Root WebApplicationContext: initialization completed in 989 ms
2025-05-26T14:52:29.071-03:00  INFO 22628 --- [packaging] [           main] o.hibernate.jpa.internal.util.LogHelper  : HHH000204: Processing PersistenceUnitInfo [name: default]
2025-05-26T14:52:29.108-03:00  INFO 22628 --- [packaging] [           main] org.hibernate.Version                    : HHH000412: Hibernate ORM core version 6.6.15.Final
2025-05-26T14:52:29.135-03:00  INFO 22628 --- [packaging] [           main] o.h.c.internal.RegionFactoryInitiator    : HHH000026: Second-level cache disabled
2025-05-26T14:52:29.330-03:00  INFO 22628 --- [packaging] [           main] o.s.o.j.p.SpringPersistenceUnitInfo      : No LoadTimeWeaver setup: ignoring JPA class transformer
2025-05-26T14:52:29.349-03:00  INFO 22628 --- [packaging] [           main] com.zaxxer.hikari.HikariDataSource       : HikariPool-1 - Starting...
2025-05-26T14:52:29.458-03:00  INFO 22628 --- [packaging] [           main] com.zaxxer.hikari.pool.HikariPool        : HikariPool-1 - Added connection org.postgresql.jdbc.PgConnection@5d449307
2025-05-26T14:52:29.459-03:00  INFO 22628 --- [packaging] [           main] com.zaxxer.hikari.HikariDataSource       : HikariPool-1 - Start completed.
2025-05-26T14:52:29.506-03:00  INFO 22628 --- [packaging] [           main] org.hibernate.orm.connections.pooling    : HHH10001005: Database info:
	Database JDBC URL [Connecting through datasource 'HikariDataSource (HikariPool-1)']
	Database driver: undefined/unknown
	Database version: 17.3
	Autocommit mode: undefined/unknown
	Isolation level: undefined/unknown
	Minimum pool size: undefined/unknown
	Maximum pool size: undefined/unknown
2025-05-26T14:52:30.139-03:00  INFO 22628 --- [packaging] [           main] o.h.e.t.j.p.i.JtaPlatformInitiator       : HHH000489: No JTA platform available (set 'hibernate.transaction.jta.platform' to enable JTA platform integration)
2025-05-26T14:52:30.175-03:00  INFO 22628 --- [packaging] [           main] j.LocalContainerEntityManagerFactoryBean : Initialized JPA EntityManagerFactory for persistence unit 'default'
2025-05-26T14:52:30.414-03:00  WARN 22628 --- [packaging] [           main] JpaBaseConfiguration$JpaWebConfiguration : spring.jpa.open-in-view is enabled by default. Therefore, database queries may be performed during view rendering. Explicitly configure spring.jpa.open-in-view to disable this warning
2025-05-26T14:52:30.710-03:00  INFO 22628 --- [packaging] [           main] o.a.c.c.C.[Tomcat].[localhost].[/]       : Initializing Spring TestDispatcherServlet ''
2025-05-26T14:52:30.710-03:00  INFO 22628 --- [packaging] [           main] o.s.t.web.servlet.TestDispatcherServlet  : Initializing Servlet ''
2025-05-26T14:52:30.711-03:00  INFO 22628 --- [packaging] [           main] o.s.t.web.servlet.TestDispatcherServlet  : Completed initialization in 1 ms
2025-05-26T14:52:30.837-03:00  INFO 22628 --- [packaging] [           main] o.s.b.w.embedded.tomcat.TomcatWebServer  : Tomcat started on port 62186 (http) with context path '/'
2025-05-26T14:52:30.843-03:00  INFO 22628 --- [packaging] [           main] c.l.p.i.PedidoControllerIntegrationTest  : Started PedidoControllerIntegrationTest in 3.151 seconds (process running for 23.543)
]]></system-out>
    <system-err><![CDATA[Mockito is currently self-attaching to enable the inline-mock-maker. This will no longer work in future releases of the JDK. Please add Mockito as an agent to your build as described in Mockito's documentation: https://javadoc.io/doc/org.mockito/mockito-core/latest/org.mockito/org/mockito/Mockito.html#0.3
WARNING: A Java agent has been loaded dynamically (C:\Users\Augusto\.m2\repository\net\bytebuddy\byte-buddy-agent\1.17.5\byte-buddy-agent-1.17.5.jar)
WARNING: If a serviceability tool is in use, please run with -XX:+EnableDynamicAgentLoading to hide this warning
WARNING: If a serviceability tool is not in use, please run with -Djdk.instrument.traceUsage for more information
WARNING: Dynamic loading of agents will be disallowed by default in a future release
]]></system-err>
  </testcase>
</testsuite>